2023-04-01T10:23:36+00:00 CRITICAL Uncaught Error: Failed opening required '/var/www/che7235e81/www/show.net.ua/wp-content/plugins/woocommerce/packages/woocommerce-blocks/build/featured-product.asset.php' (include_path='.:/opt/alt/php81/usr/share/pear:/opt/alt/php81/usr/share/php:/usr/share/pear:/usr/share/php') in /var/www/che7235e81/www/show.net.ua/wp-content/plugins/woocommerce/packages/woocommerce-blocks/src/Assets/Api.php:98
Stack trace:
#0 /var/www/che7235e81/www/show.net.ua/wp-content/plugins/woocommerce/packages/woocommerce-blocks/src/BlockTypes/AbstractBlock.php(127): Automattic\WooCommerce\Blocks\Assets\Api->get_script_data('build/featured-...')
#1 /var/www/che7235e81/www/show.net.ua/wp-content/plugins/woocommerce/packages/woocommerce-blocks/src/BlockTypes/AbstractBlock.php(115): Automattic\WooCommerce\Blocks\BlockTypes\AbstractBlock->register_block_type_assets()
#2 /var/www/che7235e81/www/show.net.ua/wp-content/plugins/woocommerce/packages/woocommerce-blocks/src/BlockTypes/AbstractBlock.php(70): Automattic\WooCommerce\Blocks\BlockTypes\AbstractBlock->initialize()
#3 /var/www/che7235e81/www/show.net.ua/wp-content/plugins/woocommerce/packages/woocommerce-blocks/src/BlockTypesController.php(64): Automattic\WooCommerce\Blocks\BlockTypes\AbstractBlock->__construct(Object(Automattic\WooCommerce\Blocks\Assets\Api), Object(Automattic\WooCommerce\Blocks\Assets\AssetDataRegistry), Object(Automattic\WooCommerce\Blocks\Integrations\IntegrationRegistry))
#4 /var/www/che7235e81/www/show.net.ua/wp-includes/class-wp-hook.php(308): Automattic\WooCommerce\Blocks\BlockTypesController->register_blocks('')
#5 /var/www/che7235e81/www/show.net.ua/wp-includes/class-wp-hook.php(332): WP_Hook->apply_filters(NULL, Array)
#6 /var/www/che7235e81/www/show.net.ua/wp-includes/plugin.php(517): WP_Hook->do_action(Array)
#7 /var/www/che7235e81/www/show.net.ua/wp-settings.php(623): do_action('init')
#8 /var/www/che7235e81/www/show.net.ua/wp-config.php(88): require_once('/var/www/che723...')
#9 /var/www/che7235e81/www/show.net.ua/wp-load.php(50): require_once('/var/www/che723...')
#10 /var/www/che7235e81/www/show.net.ua/wp-blog-header.php(13): require_once('/var/www/che723...')
#11 /var/www/che7235e81/www/show.net.ua/index.php(17): require('/var/www/che723...')
#12 {main}
  thrown у /var/www/che7235e81/www/show.net.ua/wp-content/plugins/woocommerce/packages/woocommerce-blocks/src/Assets/Api.php доступно 98

2023-04-01T10:24:32+00:00 CRITICAL Uncaught Error: Failed opening required '/var/www/che7235e81/www/show.net.ua/wp-content/plugins/cartflows/modules/gutenberg/classes/class-cartflows-gutenberg-editor.php' (include_path='.:/opt/alt/php81/usr/share/pear:/opt/alt/php81/usr/share/php:/usr/share/pear:/usr/share/php') in /var/www/che7235e81/www/show.net.ua/wp-content/plugins/cartflows/modules/gutenberg/classes/class-cartflows-block-loader.php:63
Stack trace:
#0 /var/www/che7235e81/www/show.net.ua/wp-content/plugins/cartflows/modules/gutenberg/classes/class-cartflows-block-loader.php(44): Cartflows_Block_Loader->load_plugin()
#1 /var/www/che7235e81/www/show.net.ua/wp-content/plugins/cartflows/modules/gutenberg/classes/class-cartflows-block-loader.php(31): Cartflows_Block_Loader->__construct()
#2 /var/www/che7235e81/www/show.net.ua/wp-content/plugins/cartflows/modules/gutenberg/classes/class-cartflows-block-loader.php(76): Cartflows_Block_Loader::get_instance()
#3 /var/www/che7235e81/www/show.net.ua/wp-content/plugins/cartflows/classes/class-cartflows-loader.php(442): include_once('/var/www/che723...')
#4 /var/www/che7235e81/www/show.net.ua/wp-content/plugins/cartflows/classes/class-cartflows-loader.php(238): Cartflows_Loader->load_core_files()
#5 /var/www/che7235e81/www/show.net.ua/wp-includes/class-wp-hook.php(308): Cartflows_Loader->load_plugin('')
#6 /var/www/che7235e81/www/show.net.ua/wp-includes/class-wp-hook.php(332): WP_Hook->apply_filters(NULL, Array)
#7 /var/www/che7235e81/www/show.net.ua/wp-includes/plugin.php(517): WP_Hook->do_action(Array)
#8 /var/www/che7235e81/www/show.net.ua/wp-settings.php(486): do_action('plugins_loaded')
#9 /var/www/che7235e81/www/show.net.ua/wp-config.php(88): require_once('/var/www/che723...')
#10 /var/www/che7235e81/www/show.net.ua/wp-load.php(50): require_once('/var/www/che723...')
#11 /var/www/che7235e81/www/show.net.ua/wp-blog-header.php(13): require_once('/var/www/che723...')
#12 /var/www/che7235e81/www/show.net.ua/index.php(17): require('/var/www/che723...')
#13 {main}
  thrown у /var/www/che7235e81/www/show.net.ua/wp-content/plugins/cartflows/modules/gutenberg/classes/class-cartflows-block-loader.php доступно 63

2023-04-01T10:24:33+00:00 CRITICAL Uncaught Error: Failed opening required '/var/www/che7235e81/www/show.net.ua/wp-content/plugins/google-listings-and-ads/vendor/google/apiclient-services/src/ShoppingContent/Resource/Reports.php' (include_path='.:/opt/alt/php81/usr/share/pear:/opt/alt/php81/usr/share/php:/usr/share/pear:/usr/share/php') in /var/www/che7235e81/www/show.net.ua/wp-content/plugins/jetpack/vendor/jetpack-autoloader/class-php-autoloader.php:90
Stack trace:
#0 /var/www/che7235e81/www/show.net.ua/wp-content/plugins/google-listings-and-ads/vendor/google/apiclient-services/src/ShoppingContent.php(2477): Automattic\Jetpack\Autoloader\jpf11009ded9fc4592b6a05b61ce272b3c_jetpackⓥ11_9_1\PHP_Autoloader::load_class('Automattic\\WooC...')
#1 [internal function]: Automattic\WooCommerce\GoogleListingsAndAds\Vendor\Google\Service\ShoppingContent->__construct(Object(Automattic\WooCommerce\GoogleListingsAndAds\Vendor\Google\Client), 'https://api-vip...')
#2 /var/www/che7235e81/www/show.net.ua/wp-content/plugins/google-listings-and-ads/vendor/league/container/src/Definition/Definition.php(256): ReflectionClass->newInstanceArgs(Array)
#3 /var/www/che7235e81/www/show.net.ua/wp-content/plugins/google-listings-and-ads/vendor/league/container/src/Definition/Definition.php(212): Automattic\WooCommerce\GoogleListingsAndAds\Vendor\League\Container\Definition\Definition->resolveClass('Automattic\\WooC...')
#4 /var/www/che7235e81/www/show.net.ua/wp-content/plugins/google-listings-and-ads/vendor/league/container/src/Definition/DefinitionAggregate.php(94): Automattic\WooCommerce\GoogleListingsAndAds\Vendor\League\Container\Definition\Definition->resolve(false)
#5 /var/www/che7235e81/www/show.net.ua/wp-content/plugins/google-listings-and-ads/vendor/league/container/src/Container.php(157): Automattic\WooCommerce\GoogleListingsAndAds\Vendor\League\Container\Definition\DefinitionAggregate->resolve('Automattic\\WooC...', false)
#6 /var/www/che7235e81/www/show.net.ua/wp-content/plugins/google-listings-and-ads/vendor/league/container/src/Argument/ArgumentResolverTrait.php(45): Automattic\WooCommerce\GoogleListingsAndAds\Vendor\League\Container\Container->get('Automattic\\WooC...')
#7 [internal function]: Automattic\WooCommerce\GoogleListingsAndAds\Vendor\League\Container\Definition\Definition->Automattic\WooCommerce\GoogleListingsAndAds\Vendor\League\Container\Argument\{closure}('Automattic\\WooC...')
#8 /var/www/che7235e81/www/show.net.ua/wp-content/plugins/google-listings-and-ads/vendor/league/container/src/Argument/ArgumentResolverTrait.php(19): array_map(Object(Closure), Array)
#9 /var/www/che7235e81/www/show.net.ua/wp-content/plugins/google-listings-and-ads/vendor/league/container/src/Definition/Definition.php(253): Automattic\WooCommerce\GoogleListingsAndAds\Vendor\League\Container\Definition\Definition->resolveArguments(Array)
#10 /var/www/che7235e81/www/show.net.ua/wp-content/plugins/google-listings-and-ads/vendor/league/container/src/Definition/Definition.php(212): Automattic\WooCommerce\GoogleListingsAndAds\Vendor\League\Container\Definition\Definition->resolveClass('Automattic\\WooC...')
#11 /var/www/che7235e81/www/show.net.ua/wp-content/plugins/google-listings-and-ads/vendor/league/container/src/Definition/DefinitionAggregate.php(94): Automattic\WooCommerce\GoogleListingsAndAds\Vendor\League\Container\Definition\Definition->resolve(false)
#12 /var/www/che7235e81/www/show.net.ua/wp-content/plugins/google-listings-and-ads/vendor/league/container/src/Container.php(157): Automattic\WooCommerce\GoogleListingsAndAds\Vendor\League\Container\Definition\DefinitionAggregate->resolve('Automattic\\WooC...', false)
#13 /var/www/che7235e81/www/show.net.ua/wp-content/plugins/google-listings-and-ads/vendor/league/container/src/Argument/ArgumentResolverTrait.php(45): Automattic\WooCommerce\GoogleListingsAndAds\Vendor\League\Container\Container->get('Automattic\\WooC...')
#14 [internal function]: Automattic\WooCommerce\GoogleListingsAndAds\Vendor\League\Container\Definition\Definition->Automattic\WooCommerce\GoogleListingsAndAds\Vendor\League\Container\Argument\{closure}('Automattic\\WooC...')
#15 /var/www/che7235e81/www/show.net.ua/wp-content/plugins/google-listings-and-ads/vendor/league/container/src/Argument/ArgumentResolverTrait.php(19): array_map(Object(Closure), Array)
#16 /var/www/che7235e81/www/show.net.ua/wp-content/plugins/google-listings-and-ads/vendor/league/container/src/Definition/Definition.php(253): Automattic\WooCommerce\GoogleListingsAndAds\Vendor\League\Container\Definition\Definition->resolveArguments(Array)
#17 /var/www/che7235e81/www/show.net.ua/wp-content/plugins/google-listings-and-ads/vendor/league/container/src/Definition/Definition.php(212): Automattic\WooCommerce\GoogleListingsAndAds\Vendor\League\Container\Definition\Definition->resolveClass('Automattic\\WooC...')
#18 /var/www/che7235e81/www/show.net.ua/wp-content/plugins/google-listings-and-ads/vendor/league/container/src/Definition/DefinitionAggregate.php(94): Automattic\WooCommerce\GoogleListingsAndAds\Vendor\League\Container\Definition\Definition->resolve(false)
#19 /var/www/che7235e81/www/show.net.ua/wp-content/plugins/google-listings-and-ads/vendor/league/container/src/Container.php(157): Automattic\WooCommerce\GoogleListingsAndAds\Vendor\League\Container\Definition\DefinitionAggregate->resolve('Automattic\\WooC...', false)
#20 /var/www/che7235e81/www/show.net.ua/wp-content/plugins/google-listings-and-ads/vendor/league/container/src/Argument/ArgumentResolverTrait.php(45): Automattic\WooCommerce\GoogleListingsAndAds\Vendor\League\Container\Container->get('Automattic\\WooC...')
#21 [internal function]: Automattic\WooCommerce\GoogleListingsAndAds\Vendor\League\Container\Definition\Definition->Automattic\WooCommerce\GoogleListingsAndAds\Vendor\League\Container\Argument\{closure}('Automattic\\WooC...')
#22 /var/www/che7235e81/www/show.net.ua/wp-content/plugins/google-listings-and-ads/vendor/league/container/src/Argument/ArgumentResolverTrait.php(19): array_map(Object(Closure), Array)
#23 /var/www/che7235e81/www/show.net.ua/wp-content/plugins/google-listings-and-ads/vendor/league/container/src/Definition/Definition.php(253): Automattic\WooCommerce\GoogleListingsAndAds\Vendor\League\Container\Definition\Definition->resolveArguments(Array)
#24 /var/www/che7235e81/www/show.net.ua/wp-content/plugins/google-listings-and-ads/vendor/league/container/src/Definition/Definition.php(212): Automattic\WooCommerce\GoogleListingsAndAds\Vendor\League\Container\Definition\Definition->resolveClass('Automattic\\WooC...')
#25 /var/www/che7235e81/www/show.net.ua/wp-content/plugins/google-listings-and-ads/vendor/league/container/src/Definition/DefinitionAggregate.php(106): Automattic\WooCommerce\GoogleListingsAndAds\Vendor\League\Container\Definition\Definition->resolve(false)
#26 /var/www/che7235e81/www/show.net.ua/wp-content/plugins/google-listings-and-ads/vendor/league/container/src/Container.php(162): Automattic\WooCommerce\GoogleListingsAndAds\Vendor\League\Container\Definition\DefinitionAggregate->resolveTagged('Automattic\\WooC...', false)
#27 /var/www/che7235e81/www/show.net.ua/wp-content/plugins/google-listings-and-ads/vendor/league/container/src/Argument/ArgumentResolverTrait.php(45): Automattic\WooCommerce\GoogleListingsAndAds\Vendor\League\Container\Container->get('Automattic\\WooC...')
#28 [internal function]: Automattic\WooCommerce\GoogleListingsAndAds\Vendor\League\Container\Definition\Definition->Automattic\WooCommerce\GoogleListingsAndAds\Vendor\League\Container\Argument\{closure}('Automattic\\WooC...')
#29 /var/www/che7235e81/www/show.net.ua/wp-content/plugins/google-listings-and-ads/vendor/league/container/src/Argument/ArgumentResolverTrait.php(19): array_map(Object(Closure), Array)
#30 /var/www/che7235e81/www/show.net.ua/wp-content/plugins/google-listings-and-ads/vendor/league/container/src/Definition/Definition.php(253): Automattic\WooCommerce\GoogleListingsAndAds\Vendor\League\Container\Definition\Definition->resolveArguments(Array)
#31 /var/www/che7235e81/www/show.net.ua/wp-content/plugins/google-listings-and-ads/vendor/league/container/src/Definition/Definition.php(212): Automattic\WooCommerce\GoogleListingsAndAds\Vendor\League\Container\Definition\Definition->resolveClass('Automattic\\WooC...')
#32 /var/www/che7235e81/www/show.net.ua/wp-content/plugins/google-listings-and-ads/vendor/league/container/src/Definition/DefinitionAggregate.php(94): Automattic\WooCommerce\GoogleListingsAndAds\Vendor\League\Container\Definition\Definition->resolve(false)
#33 /var/www/che7235e81/www/show.net.ua/wp-content/plugins/google-listings-and-ads/vendor/league/container/src/Container.php(157): Automattic\WooCommerce\GoogleListingsAndAds\Vendor\League\Container\Definition\DefinitionAggregate->resolve('Automattic\\WooC...', false)
#34 /var/www/che7235e81/www/show.net.ua/wp-content/plugins/google-listings-and-ads/vendor/league/container/src/Argument/ArgumentResolverTrait.php(45): Automattic\WooCommerce\GoogleListingsAndAds\Vendor\League\Container\Container->get('Automattic\\WooC...')
#35 [internal function]: Automattic\WooCommerce\GoogleListingsAndAds\Vendor\League\Container\Definition\Definition->Automattic\WooCommerce\GoogleListingsAndAds\Vendor\League\Container\Argument\{closure}('Automattic\\WooC...')
#36 /var/www/che7235e81/www/show.net.ua/wp-content/plugins/google-listings-and-ads/vendor/league/container/src/Argument/ArgumentResolverTrait.php(19): array_map(Object(Closure), Array)
#37 /var/www/che7235e81/www/show.net.ua/wp-content/plugins/google-listings-and-ads/vendor/league/container/src/Definition/Definition.php(253): Automattic\WooCommerce\GoogleListingsAndAds\Vendor\League\Container\Definition\Definition->resolveArguments(Array)
#38 /var/www/che7235e81/www/show.net.ua/wp-content/plugins/google-listings-and-ads/vendor/league/container/src/Definition/Definition.php(212): Automattic\WooCommerce\GoogleListingsAndAds\Vendor\League\Container\Definition\Definition->resolveClass('Automattic\\WooC...')
#39 /var/www/che7235e81/www/show.net.ua/wp-content/plugins/google-listings-and-ads/vendor/league/container/src/Definition/DefinitionAggregate.php(106): Automattic\WooCommerce\GoogleListingsAndAds\Vendor\League\Container\Definition\Definition->resolve(false)
#40 /var/www/che7235e81/www/show.net.ua/wp-content/plugins/google-listings-and-ads/vendor/league/container/src/Container.php(162): Automattic\WooCommerce\GoogleListingsAndAds\Vendor\League\Container\Definition\DefinitionAggregate->resolveTagged('Automattic\\WooC...', false)
#41 /var/www/che7235e81/www/show.net.ua/wp-content/plugins/google-listings-and-ads/vendor/league/container/src/Argument/ArgumentResolverTrait.php(45): Automattic\WooCommerce\GoogleListingsAndAds\Vendor\League\Container\Container->get('Automattic\\WooC...')
#42 [internal function]: Automattic\WooCommerce\GoogleListingsAndAds\Vendor\League\Container\Definition\Definition->Automattic\WooCommerce\GoogleListingsAndAds\Vendor\League\Container\Argument\{closure}('Automattic\\WooC...')
#43 /var/www/che7235e81/www/show.net.ua/wp-content/plugins/google-listings-and-ads/vendor/league/container/src/Argument/ArgumentResolverTrait.php(19): array_map(Object(Closure), Array)
#44 /var/www/che7235e81/www/show.net.ua/wp-content/plugins/google-listings-and-ads/vendor/league/container/src/Definition/Definition.php(237): Automattic\WooCommerce\GoogleListingsAndAds\Vendor\League\Container\Definition\Definition->resolveArguments(Array)
#45 /var/www/che7235e81/www/show.net.ua/wp-content/plugins/google-listings-and-ads/vendor/league/container/src/Definition/Definition.php(198): Automattic\WooCommerce\GoogleListingsAndAds\Vendor\League\Container\Definition\Definition->resolveCallable(Object(Closure))
#46 /var/www/che7235e81/www/show.net.ua/wp-content/plugins/google-listings-and-ads/vendor/league/container/src/Definition/DefinitionAggregate.php(106): Automattic\WooCommerce\GoogleListingsAndAds\Vendor\League\Container\Definition\Definition->resolve(false)
#47 /var/www/che7235e81/www/show.net.ua/wp-content/plugins/google-listings-and-ads/vendor/league/container/src/Container.php(162): Automattic\WooCommerce\GoogleListingsAndAds\Vendor\League\Container\Definition\DefinitionAggregate->resolveTagged('Automattic\\WooC...', false)
#48 /var/www/che7235e81/www/show.net.ua/wp-content/plugins/google-listings-and-ads/vendor/league/container/src/Container.php(178): Automattic\WooCommerce\GoogleListingsAndAds\Vendor\League\Container\Container->get('Automattic\\WooC...', false)
#49 /var/www/che7235e81/www/show.net.ua/wp-content/plugins/google-listings-and-ads/src/Container.php(90): Automattic\WooCommerce\GoogleListingsAndAds\Vendor\League\Container\Container->get('Automattic\\WooC...')
#50 /var/www/che7235e81/www/show.net.ua/wp-content/plugins/google-listings-and-ads/src/Infrastructure/GoogleListingsAndAdsPlugin.php(139): Automattic\WooCommerce\GoogleListingsAndAds\Container->get('Automattic\\WooC...')
#51 /var/www/che7235e81/www/show.net.ua/wp-content/plugins/google-listings-and-ads/src/Infrastructure/GoogleListingsAndAdsPlugin.php(97): Automattic\WooCommerce\GoogleListingsAndAds\Infrastructure\GoogleListingsAndAdsPlugin->maybe_register_services()
#52 /var/www/che7235e81/www/show.net.ua/wp-includes/class-wp-hook.php(308): Automattic\WooCommerce\GoogleListingsAndAds\Infrastructure\GoogleListingsAndAdsPlugin->Automattic\WooCommerce\GoogleListingsAndAds\Infrastructure\{closure}('')
#53 /var/www/che7235e81/www/show.net.ua/wp-includes/class-wp-hook.php(332): WP_Hook->apply_filters(NULL, Array)
#54 /var/www/che7235e81/www/show.net.ua/wp-includes/plugin.php(517): WP_Hook->do_action(Array)
#55 /var/www/che7235e81/www/show.net.ua/wp-settings.php(486): do_action('plugins_loaded')
#56 /var/www/che7235e81/www/show.net.ua/wp-config.php(88): require_once('/var/www/che723...')
#57 /var/www/che7235e81/www/show.net.ua/wp-load.php(50): require_once('/var/www/che723...')
#58 /var/www/che7235e81/www/show.net.ua/wp-blog-header.php(13): require_once('/var/www/che723...')
#59 /var/www/che7235e81/www/show.net.ua/index.php(17): require('/var/www/che723...')
#60 {main}
  thrown у /var/www/che7235e81/www/show.net.ua/wp-content/plugins/jetpack/vendor/jetpack-autoloader/class-php-autoloader.php доступно 90

