2023-03-31T07:50:46+00:00 DEBUG Tt4b_Pixel_Class::inject_add_to_cart_event: hit injectAddToCartEvent
2023-03-31T07:50:46+00:00 DEBUG Tt4b_Pixel_Class::inject_add_to_cart_event: Missing option "access_token"
2023-03-31T07:50:51+00:00 DEBUG Tt4b_Pixel_Class::inject_start_checkout: hit injectStartCheckout
2023-03-31T07:50:51+00:00 DEBUG Tt4b_Pixel_Class::inject_start_checkout: Missing option "access_token"
2023-03-31T08:07:07+00:00 DEBUG tt4b_product_sync: missing access token for tt4b_product_sync
2023-03-31T08:07:07+00:00 DEBUG tt4b_product_sync: missing access token for tt4b_product_sync
2023-03-31T08:07:07+00:00 DEBUG tt4b_product_sync: missing access token for tt4b_product_sync
2023-03-31T08:07:07+00:00 DEBUG tt4b_product_sync: missing access token for tt4b_product_sync
2023-03-31T08:07:08+00:00 DEBUG tt4b_product_sync: missing access token for tt4b_product_sync
2023-03-31T08:07:08+00:00 DEBUG tt4b_product_sync: missing access token for tt4b_product_sync
2023-03-31T08:07:08+00:00 DEBUG tt4b_product_sync: missing access token for tt4b_product_sync
2023-03-31T08:07:08+00:00 DEBUG tt4b_product_sync: missing access token for tt4b_product_sync
2023-03-31T08:07:08+00:00 DEBUG tt4b_product_sync: missing access token for tt4b_product_sync
2023-03-31T08:07:08+00:00 DEBUG tt4b_product_sync: missing access token for tt4b_product_sync
2023-03-31T08:07:08+00:00 DEBUG tt4b_product_sync: missing access token for tt4b_product_sync
2023-03-31T08:07:08+00:00 DEBUG tt4b_product_sync: missing access token for tt4b_product_sync
2023-03-31T08:07:09+00:00 DEBUG tt4b_product_sync: missing access token for tt4b_product_sync
2023-03-31T08:07:09+00:00 DEBUG tt4b_product_sync: missing access token for tt4b_product_sync
2023-03-31T08:07:09+00:00 DEBUG tt4b_product_sync: missing access token for tt4b_product_sync
2023-03-31T08:07:09+00:00 DEBUG tt4b_product_sync: missing access token for tt4b_product_sync
2023-03-31T08:07:09+00:00 DEBUG tt4b_product_sync: missing access token for tt4b_product_sync
2023-03-31T08:07:09+00:00 DEBUG tt4b_product_sync: missing access token for tt4b_product_sync
2023-03-31T08:07:09+00:00 DEBUG tt4b_product_sync: missing access token for tt4b_product_sync
2023-03-31T08:07:09+00:00 DEBUG tt4b_product_sync: missing access token for tt4b_product_sync
2023-03-31T08:07:09+00:00 DEBUG tt4b_product_sync: missing access token for tt4b_product_sync
2023-03-31T08:07:09+00:00 DEBUG tt4b_product_sync: missing access token for tt4b_product_sync
2023-03-31T08:07:09+00:00 DEBUG tt4b_product_sync: missing access token for tt4b_product_sync
2023-03-31T08:07:09+00:00 DEBUG tt4b_product_sync: missing access token for tt4b_product_sync
2023-03-31T08:07:10+00:00 DEBUG tt4b_product_sync: missing access token for tt4b_product_sync
2023-03-31T08:07:10+00:00 DEBUG tt4b_product_sync: missing access token for tt4b_product_sync
2023-03-31T08:07:10+00:00 DEBUG tt4b_product_sync: missing access token for tt4b_product_sync
2023-03-31T08:07:10+00:00 DEBUG tt4b_product_sync: missing access token for tt4b_product_sync
2023-03-31T08:07:10+00:00 DEBUG tt4b_product_sync: missing access token for tt4b_product_sync
2023-03-31T08:07:10+00:00 DEBUG tt4b_product_sync: missing access token for tt4b_product_sync
2023-03-31T08:07:10+00:00 DEBUG tt4b_product_sync: missing access token for tt4b_product_sync
2023-03-31T08:07:28+00:00 DEBUG tt4b_product_sync: missing access token for tt4b_product_sync
2023-03-31T08:07:29+00:00 DEBUG tt4b_product_sync: missing access token for tt4b_product_sync
2023-03-31T08:07:30+00:00 DEBUG tt4b_product_sync: missing access token for tt4b_product_sync
2023-03-31T08:07:31+00:00 DEBUG tt4b_product_sync: missing access token for tt4b_product_sync
2023-03-31T08:07:33+00:00 DEBUG tt4b_product_sync: missing access token for tt4b_product_sync
2023-03-31T08:07:34+00:00 DEBUG tt4b_product_sync: missing access token for tt4b_product_sync
2023-03-31T08:07:35+00:00 DEBUG tt4b_product_sync: missing access token for tt4b_product_sync
2023-03-31T08:07:37+00:00 DEBUG tt4b_product_sync: missing access token for tt4b_product_sync
2023-03-31T08:07:39+00:00 DEBUG tt4b_product_sync: missing access token for tt4b_product_sync
2023-03-31T08:07:41+00:00 DEBUG tt4b_product_sync: missing access token for tt4b_product_sync
2023-03-31T08:07:43+00:00 DEBUG tt4b_product_sync: missing access token for tt4b_product_sync
2023-03-31T08:07:45+00:00 DEBUG tt4b_product_sync: missing access token for tt4b_product_sync
2023-03-31T08:07:47+00:00 DEBUG tt4b_product_sync: missing access token for tt4b_product_sync
2023-03-31T08:07:49+00:00 DEBUG tt4b_product_sync: missing access token for tt4b_product_sync
2023-03-31T08:07:52+00:00 DEBUG tt4b_product_sync: missing access token for tt4b_product_sync
2023-03-31T08:07:55+00:00 DEBUG tt4b_product_sync: missing access token for tt4b_product_sync
2023-03-31T08:07:58+00:00 DEBUG tt4b_product_sync: missing access token for tt4b_product_sync
2023-03-31T08:08:01+00:00 DEBUG tt4b_product_sync: missing access token for tt4b_product_sync
2023-03-31T08:08:05+00:00 DEBUG tt4b_product_sync: missing access token for tt4b_product_sync
2023-03-31T08:08:08+00:00 DEBUG tt4b_product_sync: missing access token for tt4b_product_sync
2023-03-31T08:08:11+00:00 DEBUG tt4b_product_sync: missing access token for tt4b_product_sync
2023-03-31T08:08:15+00:00 DEBUG tt4b_product_sync: missing access token for tt4b_product_sync
2023-03-31T08:08:19+00:00 DEBUG tt4b_product_sync: missing access token for tt4b_product_sync
2023-03-31T08:08:24+00:00 DEBUG tt4b_product_sync: missing access token for tt4b_product_sync
2023-03-31T08:08:28+00:00 DEBUG tt4b_product_sync: missing access token for tt4b_product_sync
2023-03-31T08:08:32+00:00 DEBUG tt4b_product_sync: missing access token for tt4b_product_sync
2023-03-31T08:08:36+00:00 DEBUG tt4b_product_sync: missing access token for tt4b_product_sync
2023-03-31T08:08:41+00:00 DEBUG tt4b_product_sync: missing access token for tt4b_product_sync
2023-03-31T08:08:45+00:00 DEBUG tt4b_product_sync: missing access token for tt4b_product_sync
2023-03-31T08:08:50+00:00 DEBUG tt4b_product_sync: missing access token for tt4b_product_sync
2023-03-31T08:08:55+00:00 DEBUG tt4b_product_sync: missing access token for tt4b_product_sync
2023-03-31T08:15:25+00:00 DEBUG Tt4b_Pixel_Class::inject_add_to_cart_event: hit injectAddToCartEvent
2023-03-31T08:15:25+00:00 DEBUG Tt4b_Pixel_Class::inject_add_to_cart_event: Missing option "access_token"
2023-03-31T08:15:42+00:00 DEBUG Tt4b_Pixel_Class::inject_start_checkout: hit injectStartCheckout
2023-03-31T08:15:42+00:00 DEBUG Tt4b_Pixel_Class::inject_start_checkout: Missing option "access_token"
2023-03-31T09:02:18+00:00 DEBUG Tt4b_Pixel_Class::inject_view_content_event: hit injectViewContentEvent
2023-03-31T09:02:18+00:00 DEBUG Tt4b_Pixel_Class::inject_view_content_event: Missing option "access_token"
2023-03-31T09:02:39+00:00 DEBUG Tt4b_Pixel_Class::inject_view_content_event: hit injectViewContentEvent
2023-03-31T09:02:39+00:00 DEBUG Tt4b_Pixel_Class::inject_view_content_event: Missing option "access_token"
2023-03-31T10:25:29+00:00 DEBUG Tt4b_Pixel_Class::inject_view_content_event: hit injectViewContentEvent
2023-03-31T10:25:29+00:00 DEBUG Tt4b_Pixel_Class::inject_view_content_event: Missing option "access_token"
2023-03-31T10:28:43+00:00 DEBUG tt4b_product_sync: missing access token for tt4b_product_sync
2023-03-31T10:29:35+00:00 DEBUG tt4b_product_sync: missing access token for tt4b_product_sync
2023-03-31T10:31:35+00:00 DEBUG tt4b_product_sync: missing access token for tt4b_product_sync
2023-03-31T10:32:12+00:00 DEBUG tt4b_product_sync: missing access token for tt4b_product_sync
2023-03-31T10:32:15+00:00 DEBUG Tt4b_Pixel_Class::inject_view_content_event: hit injectViewContentEvent
2023-03-31T10:32:15+00:00 DEBUG Tt4b_Pixel_Class::inject_view_content_event: Missing option "access_token"
2023-03-31T10:32:32+00:00 DEBUG tt4b_product_sync: missing access token for tt4b_product_sync
2023-03-31T10:33:04+00:00 DEBUG Tt4b_Pixel_Class::inject_view_content_event: hit injectViewContentEvent
2023-03-31T10:33:04+00:00 DEBUG Tt4b_Pixel_Class::inject_view_content_event: Missing option "access_token"
2023-03-31T10:33:52+00:00 DEBUG Tt4b_Pixel_Class::inject_view_content_event: hit injectViewContentEvent
2023-03-31T10:33:52+00:00 DEBUG Tt4b_Pixel_Class::inject_view_content_event: Missing option "access_token"
2023-03-31T10:36:19+00:00 DEBUG Tt4b_Pixel_Class::inject_view_content_event: hit injectViewContentEvent
2023-03-31T10:36:19+00:00 DEBUG Tt4b_Pixel_Class::inject_view_content_event: Missing option "access_token"
2023-03-31T11:06:19+00:00 DEBUG Tt4b_Pixel_Class::inject_view_content_event: hit injectViewContentEvent
2023-03-31T11:06:19+00:00 DEBUG Tt4b_Pixel_Class::inject_view_content_event: Missing option "access_token"
2023-03-31T11:07:37+00:00 DEBUG tt4b_product_sync: missing access token for tt4b_product_sync
2023-03-31T11:14:48+00:00 DEBUG Tt4b_Pixel_Class::inject_view_content_event: hit injectViewContentEvent
2023-03-31T11:14:48+00:00 DEBUG Tt4b_Pixel_Class::inject_view_content_event: Missing option "access_token"
2023-03-31T11:22:29+00:00 DEBUG Tt4b_Pixel_Class::inject_view_content_event: hit injectViewContentEvent
2023-03-31T11:22:29+00:00 DEBUG Tt4b_Pixel_Class::inject_view_content_event: Missing option "access_token"
2023-03-31T11:35:39+00:00 DEBUG Tt4b_Pixel_Class::inject_start_checkout: hit injectStartCheckout
2023-03-31T11:35:39+00:00 DEBUG Tt4b_Pixel_Class::inject_start_checkout: Missing option "access_token"
2023-03-31T12:28:57+00:00 DEBUG Tt4b_Pixel_Class::inject_view_content_event: hit injectViewContentEvent
2023-03-31T12:28:57+00:00 DEBUG Tt4b_Pixel_Class::inject_view_content_event: Missing option "access_token"
2023-03-31T18:27:01+00:00 DEBUG Tt4b_Pixel_Class::inject_view_content_event: hit injectViewContentEvent
2023-03-31T18:27:01+00:00 DEBUG Tt4b_Pixel_Class::inject_view_content_event: Missing option "access_token"
2023-03-31T18:27:02+00:00 DEBUG Tt4b_Pixel_Class::inject_view_content_event: hit injectViewContentEvent
2023-03-31T18:27:02+00:00 DEBUG Tt4b_Pixel_Class::inject_view_content_event: Missing option "access_token"
2023-03-31T18:27:08+00:00 DEBUG Tt4b_Pixel_Class::inject_view_content_event: hit injectViewContentEvent
2023-03-31T18:27:08+00:00 DEBUG Tt4b_Pixel_Class::inject_view_content_event: Missing option "access_token"
2023-03-31T18:27:14+00:00 DEBUG Tt4b_Pixel_Class::inject_add_to_cart_event: hit injectAddToCartEvent
2023-03-31T18:27:14+00:00 DEBUG Tt4b_Pixel_Class::inject_add_to_cart_event: Missing option "access_token"
2023-03-31T18:27:14+00:00 DEBUG Tt4b_Pixel_Class::inject_view_content_event: hit injectViewContentEvent
2023-03-31T18:27:14+00:00 DEBUG Tt4b_Pixel_Class::inject_view_content_event: Missing option "access_token"
2023-03-31T18:27:19+00:00 DEBUG Tt4b_Pixel_Class::inject_add_to_cart_event: hit injectAddToCartEvent
2023-03-31T18:27:19+00:00 DEBUG Tt4b_Pixel_Class::inject_add_to_cart_event: Missing option "access_token"
2023-03-31T18:27:19+00:00 DEBUG Tt4b_Pixel_Class::inject_view_content_event: hit injectViewContentEvent
2023-03-31T18:27:19+00:00 DEBUG Tt4b_Pixel_Class::inject_view_content_event: Missing option "access_token"
2023-03-31T18:27:32+00:00 DEBUG Tt4b_Pixel_Class::inject_start_checkout: hit injectStartCheckout
2023-03-31T18:27:32+00:00 DEBUG Tt4b_Pixel_Class::inject_start_checkout: Missing option "access_token"
2023-03-31T18:28:05+00:00 DEBUG Tt4b_Pixel_Class::inject_purchase_event: hit injectPurchaseEvent
2023-03-31T18:28:05+00:00 DEBUG Tt4b_Pixel_Class::inject_purchase_event: Missing option "access_token"
2023-03-31T18:59:21+00:00 DEBUG tt4b_product_delete: missing access token for tt4b_product_sync
2023-03-31T18:59:22+00:00 DEBUG tt4b_product_delete: missing access token for tt4b_product_sync
2023-03-31T18:59:23+00:00 DEBUG tt4b_product_delete: missing access token for tt4b_product_sync
2023-03-31T18:59:26+00:00 DEBUG tt4b_product_delete: missing access token for tt4b_product_sync
2023-03-31T18:59:28+00:00 DEBUG tt4b_product_delete: missing access token for tt4b_product_sync
2023-03-31T18:59:29+00:00 DEBUG tt4b_product_delete: missing access token for tt4b_product_sync
2023-03-31T18:59:30+00:00 DEBUG tt4b_product_delete: missing access token for tt4b_product_sync
2023-03-31T18:59:31+00:00 DEBUG tt4b_product_delete: missing access token for tt4b_product_sync
2023-03-31T18:59:32+00:00 DEBUG tt4b_product_delete: missing access token for tt4b_product_sync
2023-03-31T18:59:36+00:00 DEBUG tt4b_product_delete: missing access token for tt4b_product_sync
2023-03-31T18:59:40+00:00 DEBUG tt4b_product_delete: missing access token for tt4b_product_sync
2023-03-31T18:59:41+00:00 DEBUG tt4b_product_delete: missing access token for tt4b_product_sync
2023-03-31T18:59:42+00:00 DEBUG tt4b_product_delete: missing access token for tt4b_product_sync
2023-03-31T18:59:43+00:00 DEBUG tt4b_product_delete: missing access token for tt4b_product_sync
2023-03-31T18:59:44+00:00 DEBUG tt4b_product_delete: missing access token for tt4b_product_sync
2023-03-31T18:59:45+00:00 DEBUG tt4b_product_delete: missing access token for tt4b_product_sync
2023-03-31T18:59:46+00:00 DEBUG tt4b_product_delete: missing access token for tt4b_product_sync
2023-03-31T18:59:47+00:00 DEBUG tt4b_product_delete: missing access token for tt4b_product_sync
2023-03-31T18:59:48+00:00 DEBUG tt4b_product_delete: missing access token for tt4b_product_sync
2023-03-31T18:59:49+00:00 DEBUG tt4b_product_delete: missing access token for tt4b_product_sync
2023-03-31T18:59:52+00:00 DEBUG tt4b_product_delete: missing access token for tt4b_product_sync
2023-03-31T18:59:53+00:00 DEBUG tt4b_product_delete: missing access token for tt4b_product_sync
2023-03-31T18:59:54+00:00 DEBUG tt4b_product_delete: missing access token for tt4b_product_sync
2023-03-31T18:59:55+00:00 DEBUG tt4b_product_delete: missing access token for tt4b_product_sync
2023-03-31T18:59:56+00:00 DEBUG tt4b_product_delete: missing access token for tt4b_product_sync
2023-03-31T18:59:57+00:00 DEBUG tt4b_product_delete: missing access token for tt4b_product_sync
2023-03-31T18:59:58+00:00 DEBUG tt4b_product_delete: missing access token for tt4b_product_sync
2023-03-31T18:59:59+00:00 DEBUG tt4b_product_delete: missing access token for tt4b_product_sync
2023-03-31T19:00:01+00:00 DEBUG tt4b_product_delete: missing access token for tt4b_product_sync
2023-03-31T19:00:02+00:00 DEBUG tt4b_product_delete: missing access token for tt4b_product_sync
2023-03-31T19:00:05+00:00 DEBUG tt4b_product_delete: missing access token for tt4b_product_sync
2023-03-31T19:03:41+00:00 DEBUG tt4b_product_sync: missing access token for tt4b_product_sync
2023-03-31T19:03:42+00:00 DEBUG tt4b_product_sync: missing access token for tt4b_product_sync
2023-03-31T19:03:43+00:00 DEBUG tt4b_product_sync: missing access token for tt4b_product_sync
2023-03-31T19:03:45+00:00 DEBUG tt4b_product_sync: missing access token for tt4b_product_sync
2023-03-31T19:03:46+00:00 DEBUG tt4b_product_sync: missing access token for tt4b_product_sync
2023-03-31T19:03:47+00:00 DEBUG tt4b_product_sync: missing access token for tt4b_product_sync
2023-03-31T19:03:48+00:00 DEBUG tt4b_product_sync: missing access token for tt4b_product_sync
2023-03-31T19:03:49+00:00 DEBUG tt4b_product_sync: missing access token for tt4b_product_sync
2023-03-31T19:03:50+00:00 DEBUG tt4b_product_sync: missing access token for tt4b_product_sync
2023-03-31T19:03:51+00:00 DEBUG tt4b_product_sync: missing access token for tt4b_product_sync
2023-03-31T19:03:52+00:00 DEBUG tt4b_product_sync: missing access token for tt4b_product_sync
2023-03-31T19:03:53+00:00 DEBUG tt4b_product_sync: missing access token for tt4b_product_sync
2023-03-31T19:03:54+00:00 DEBUG tt4b_product_sync: missing access token for tt4b_product_sync
2023-03-31T19:03:56+00:00 DEBUG tt4b_product_sync: missing access token for tt4b_product_sync
2023-03-31T19:03:57+00:00 DEBUG tt4b_product_sync: missing access token for tt4b_product_sync
2023-03-31T19:04:02+00:00 DEBUG tt4b_product_sync: missing access token for tt4b_product_sync
2023-03-31T19:04:03+00:00 DEBUG tt4b_product_sync: missing access token for tt4b_product_sync
2023-03-31T19:04:04+00:00 DEBUG tt4b_product_sync: missing access token for tt4b_product_sync
2023-03-31T19:04:05+00:00 DEBUG tt4b_product_sync: missing access token for tt4b_product_sync
2023-03-31T19:04:07+00:00 DEBUG tt4b_product_sync: missing access token for tt4b_product_sync
2023-03-31T19:04:08+00:00 DEBUG tt4b_product_sync: missing access token for tt4b_product_sync
2023-03-31T19:04:09+00:00 DEBUG tt4b_product_sync: missing access token for tt4b_product_sync
2023-03-31T19:04:10+00:00 DEBUG tt4b_product_sync: missing access token for tt4b_product_sync
2023-03-31T19:04:11+00:00 DEBUG tt4b_product_sync: missing access token for tt4b_product_sync
2023-03-31T19:07:04+00:00 DEBUG Tt4b_Pixel_Class::inject_add_to_cart_event: hit injectAddToCartEvent
2023-03-31T19:07:04+00:00 DEBUG Tt4b_Pixel_Class::inject_add_to_cart_event: Missing option "access_token"
2023-03-31T19:07:16+00:00 DEBUG Tt4b_Pixel_Class::inject_start_checkout: hit injectStartCheckout
2023-03-31T19:07:16+00:00 DEBUG Tt4b_Pixel_Class::inject_start_checkout: Missing option "access_token"
2023-03-31T19:41:31+00:00 DEBUG tt4b_product_delete: missing access token for tt4b_product_sync
2023-03-31T19:41:31+00:00 DEBUG tt4b_product_delete: missing access token for tt4b_product_sync
2023-03-31T19:41:31+00:00 DEBUG tt4b_product_delete: missing access token for tt4b_product_sync
2023-03-31T19:41:31+00:00 DEBUG tt4b_product_delete: missing access token for tt4b_product_sync
2023-03-31T19:41:32+00:00 DEBUG tt4b_product_delete: missing access token for tt4b_product_sync
2023-03-31T19:41:32+00:00 DEBUG tt4b_product_delete: missing access token for tt4b_product_sync
2023-03-31T19:41:32+00:00 DEBUG tt4b_product_delete: missing access token for tt4b_product_sync
2023-03-31T19:41:32+00:00 DEBUG tt4b_product_delete: missing access token for tt4b_product_sync
2023-03-31T19:41:33+00:00 DEBUG tt4b_product_delete: missing access token for tt4b_product_sync
2023-03-31T19:41:33+00:00 DEBUG tt4b_product_delete: missing access token for tt4b_product_sync
2023-03-31T19:41:33+00:00 DEBUG tt4b_product_delete: missing access token for tt4b_product_sync
2023-03-31T19:41:33+00:00 DEBUG tt4b_product_delete: missing access token for tt4b_product_sync
2023-03-31T19:41:33+00:00 DEBUG tt4b_product_delete: missing access token for tt4b_product_sync
2023-03-31T19:41:33+00:00 DEBUG tt4b_product_delete: missing access token for tt4b_product_sync
2023-03-31T19:41:33+00:00 DEBUG tt4b_product_delete: missing access token for tt4b_product_sync
2023-03-31T19:41:35+00:00 DEBUG tt4b_product_delete: missing access token for tt4b_product_sync
2023-03-31T19:41:35+00:00 DEBUG tt4b_product_delete: missing access token for tt4b_product_sync
2023-03-31T19:41:35+00:00 DEBUG tt4b_product_delete: missing access token for tt4b_product_sync
2023-03-31T19:41:35+00:00 DEBUG tt4b_product_delete: missing access token for tt4b_product_sync
2023-03-31T19:41:35+00:00 DEBUG tt4b_product_delete: missing access token for tt4b_product_sync
2023-03-31T19:41:35+00:00 DEBUG tt4b_product_delete: missing access token for tt4b_product_sync
2023-03-31T19:41:36+00:00 DEBUG tt4b_product_delete: missing access token for tt4b_product_sync
2023-03-31T19:41:36+00:00 DEBUG tt4b_product_delete: missing access token for tt4b_product_sync
2023-03-31T19:41:36+00:00 DEBUG tt4b_product_delete: missing access token for tt4b_product_sync
2023-03-31T19:42:03+00:00 DEBUG tt4b_product_sync: missing access token for tt4b_product_sync
2023-03-31T19:42:03+00:00 DEBUG tt4b_product_sync: missing access token for tt4b_product_sync
2023-03-31T19:42:03+00:00 DEBUG tt4b_product_sync: missing access token for tt4b_product_sync
2023-03-31T19:42:03+00:00 DEBUG tt4b_product_sync: missing access token for tt4b_product_sync
2023-03-31T19:42:03+00:00 DEBUG tt4b_product_sync: missing access token for tt4b_product_sync
2023-03-31T19:42:03+00:00 DEBUG tt4b_product_sync: missing access token for tt4b_product_sync
2023-03-31T19:42:03+00:00 DEBUG tt4b_product_sync: missing access token for tt4b_product_sync
2023-03-31T19:42:04+00:00 DEBUG tt4b_product_sync: missing access token for tt4b_product_sync
2023-03-31T19:42:04+00:00 DEBUG tt4b_product_sync: missing access token for tt4b_product_sync
2023-03-31T19:42:04+00:00 DEBUG tt4b_product_sync: missing access token for tt4b_product_sync
2023-03-31T19:42:04+00:00 DEBUG tt4b_product_sync: missing access token for tt4b_product_sync
2023-03-31T19:42:04+00:00 DEBUG tt4b_product_sync: missing access token for tt4b_product_sync
2023-03-31T19:42:04+00:00 DEBUG tt4b_product_sync: missing access token for tt4b_product_sync
2023-03-31T19:42:05+00:00 DEBUG tt4b_product_sync: missing access token for tt4b_product_sync
2023-03-31T19:42:05+00:00 DEBUG tt4b_product_sync: missing access token for tt4b_product_sync
2023-03-31T19:42:05+00:00 DEBUG tt4b_product_sync: missing access token for tt4b_product_sync
2023-03-31T19:42:05+00:00 DEBUG tt4b_product_sync: missing access token for tt4b_product_sync
2023-03-31T19:42:05+00:00 DEBUG tt4b_product_sync: missing access token for tt4b_product_sync
2023-03-31T19:42:05+00:00 DEBUG tt4b_product_sync: missing access token for tt4b_product_sync
2023-03-31T19:42:05+00:00 DEBUG tt4b_product_sync: missing access token for tt4b_product_sync
2023-03-31T19:42:05+00:00 DEBUG tt4b_product_sync: missing access token for tt4b_product_sync
2023-03-31T19:42:06+00:00 DEBUG tt4b_product_sync: missing access token for tt4b_product_sync
2023-03-31T19:42:06+00:00 DEBUG tt4b_product_sync: missing access token for tt4b_product_sync
2023-03-31T19:42:06+00:00 DEBUG tt4b_product_sync: missing access token for tt4b_product_sync
2023-03-31T19:42:06+00:00 DEBUG tt4b_product_sync: missing access token for tt4b_product_sync
2023-03-31T19:42:06+00:00 DEBUG tt4b_product_sync: missing access token for tt4b_product_sync
2023-03-31T19:42:06+00:00 DEBUG tt4b_product_sync: missing access token for tt4b_product_sync
2023-03-31T19:42:06+00:00 DEBUG tt4b_product_sync: missing access token for tt4b_product_sync
2023-03-31T19:42:06+00:00 DEBUG tt4b_product_sync: missing access token for tt4b_product_sync
2023-03-31T19:42:06+00:00 DEBUG tt4b_product_sync: missing access token for tt4b_product_sync
2023-03-31T19:42:06+00:00 DEBUG tt4b_product_sync: missing access token for tt4b_product_sync
2023-03-31T19:42:24+00:00 DEBUG Tt4b_Pixel_Class::inject_purchase_event: hit injectPurchaseEvent
2023-03-31T19:42:24+00:00 DEBUG Tt4b_Pixel_Class::inject_purchase_event: Missing option "access_token"
2023-03-31T19:42:28+00:00 DEBUG tt4b_product_sync: missing access token for tt4b_product_sync
2023-03-31T19:42:29+00:00 DEBUG tt4b_product_sync: missing access token for tt4b_product_sync
2023-03-31T19:42:30+00:00 DEBUG tt4b_product_sync: missing access token for tt4b_product_sync
2023-03-31T19:42:31+00:00 DEBUG tt4b_product_sync: missing access token for tt4b_product_sync
2023-03-31T19:42:32+00:00 DEBUG tt4b_product_sync: missing access token for tt4b_product_sync
2023-03-31T19:42:34+00:00 DEBUG tt4b_product_sync: missing access token for tt4b_product_sync
2023-03-31T19:42:35+00:00 DEBUG tt4b_product_sync: missing access token for tt4b_product_sync
2023-03-31T19:42:37+00:00 DEBUG tt4b_product_sync: missing access token for tt4b_product_sync
2023-03-31T19:42:39+00:00 DEBUG tt4b_product_sync: missing access token for tt4b_product_sync
2023-03-31T19:42:41+00:00 DEBUG tt4b_product_sync: missing access token for tt4b_product_sync
2023-03-31T19:42:43+00:00 DEBUG tt4b_product_sync: missing access token for tt4b_product_sync
2023-03-31T19:42:45+00:00 DEBUG tt4b_product_sync: missing access token for tt4b_product_sync
2023-03-31T19:42:48+00:00 DEBUG tt4b_product_sync: missing access token for tt4b_product_sync
2023-03-31T19:42:50+00:00 DEBUG tt4b_product_sync: missing access token for tt4b_product_sync
2023-03-31T19:42:53+00:00 DEBUG tt4b_product_sync: missing access token for tt4b_product_sync
2023-03-31T19:42:55+00:00 DEBUG tt4b_product_sync: missing access token for tt4b_product_sync
2023-03-31T19:42:58+00:00 DEBUG tt4b_product_sync: missing access token for tt4b_product_sync
2023-03-31T19:43:01+00:00 DEBUG tt4b_product_sync: missing access token for tt4b_product_sync
2023-03-31T19:43:04+00:00 DEBUG tt4b_product_sync: missing access token for tt4b_product_sync
2023-03-31T19:43:08+00:00 DEBUG tt4b_product_sync: missing access token for tt4b_product_sync
2023-03-31T19:43:11+00:00 DEBUG tt4b_product_sync: missing access token for tt4b_product_sync
2023-03-31T19:43:14+00:00 DEBUG tt4b_product_sync: missing access token for tt4b_product_sync
2023-03-31T19:43:18+00:00 DEBUG tt4b_product_sync: missing access token for tt4b_product_sync
2023-03-31T19:43:22+00:00 DEBUG tt4b_product_sync: missing access token for tt4b_product_sync
2023-03-31T19:43:25+00:00 DEBUG tt4b_product_sync: missing access token for tt4b_product_sync
2023-03-31T19:43:29+00:00 DEBUG tt4b_product_sync: missing access token for tt4b_product_sync
2023-03-31T19:43:34+00:00 DEBUG tt4b_product_sync: missing access token for tt4b_product_sync
2023-03-31T19:43:38+00:00 DEBUG tt4b_product_sync: missing access token for tt4b_product_sync
2023-03-31T19:43:43+00:00 DEBUG tt4b_product_sync: missing access token for tt4b_product_sync
2023-03-31T19:43:48+00:00 DEBUG tt4b_product_sync: missing access token for tt4b_product_sync
2023-03-31T19:43:53+00:00 DEBUG tt4b_product_sync: missing access token for tt4b_product_sync
2023-03-31T20:38:37+00:00 DEBUG Tt4b_Pixel_Class::inject_view_content_event: hit injectViewContentEvent
2023-03-31T20:38:37+00:00 DEBUG Tt4b_Pixel_Class::inject_view_content_event: Missing option "access_token"
2023-03-31T20:38:39+00:00 DEBUG Tt4b_Pixel_Class::inject_view_content_event: hit injectViewContentEvent
2023-03-31T20:38:39+00:00 DEBUG Tt4b_Pixel_Class::inject_view_content_event: Missing option "access_token"
2023-03-31T20:40:17+00:00 DEBUG Tt4b_Pixel_Class::inject_view_content_event: hit injectViewContentEvent
2023-03-31T20:40:17+00:00 DEBUG Tt4b_Pixel_Class::inject_view_content_event: Missing option "access_token"
2023-03-31T20:41:04+00:00 DEBUG Tt4b_Pixel_Class::inject_view_content_event: hit injectViewContentEvent
2023-03-31T20:41:04+00:00 DEBUG Tt4b_Pixel_Class::inject_view_content_event: Missing option "access_token"
2023-03-31T20:41:55+00:00 DEBUG Tt4b_Pixel_Class::inject_view_content_event: hit injectViewContentEvent
2023-03-31T20:41:55+00:00 DEBUG Tt4b_Pixel_Class::inject_view_content_event: Missing option "access_token"
2023-03-31T20:42:33+00:00 DEBUG Tt4b_Pixel_Class::inject_view_content_event: hit injectViewContentEvent
2023-03-31T20:42:33+00:00 DEBUG Tt4b_Pixel_Class::inject_view_content_event: Missing option "access_token"
